<?xml version="1.0" encoding="UTF-8"?>
<!-- Generated by org.testng.reporters.JUnitReportReporter -->
<testsuite hostname="Aqib-Mehmood" failures="0" tests="1" name="com.sonarwallet.qa.testcases.SecurityDisclaimerTest" time="13.797" errors="0" timestamp="2023-02-06T13:10:22 PKT" skipped="0">
  <testcase classname="com.sonarwallet.qa.testcases.SecurityDisclaimerTest" name="acceptSecurityDisclaimerTest" time="13.797"/>
  <system-out/>
</testsuite> <!-- com.sonarwallet.qa.testcases.SecurityDisclaimerTest -->
