<?xml version="1.0" encoding="UTF-8"?>
<!-- Generated by org.testng.reporters.JUnitReportReporter -->
<testsuite hostname="Aqib-Mehmood" failures="0" tests="1" name="com.sonarwallet.qa.testcases.SignupPasswordTest" time="16.356" errors="0" timestamp="2023-02-06T17:29:35 PKT" skipped="0">
  <testcase classname="com.sonarwallet.qa.testcases.SignupPasswordTest" name="createPasswordTest" time="16.356"/>
  <system-out/>
</testsuite> <!-- com.sonarwallet.qa.testcases.SignupPasswordTest -->
