<?xml version="1.0" encoding="UTF-8"?>
<!-- Generated by org.testng.reporters.JUnitReportReporter -->
<testsuite hostname="Aqib-Mehmood" failures="0" tests="3" name="apache_POI.DataDrivenTesting" time="35.609" errors="0" timestamp="2023-01-31T13:28:13 PKT" skipped="0">
  <testcase classname="apache_POI.DataDrivenTesting" name="loginTest" time="1.488"/>
  <system-out/>
  <testcase classname="apache_POI.DataDrivenTesting" name="loginTest" time="32.838"/>
  <system-out/>
  <testcase classname="apache_POI.DataDrivenTesting" name="loginTest" time="1.283"/>
  <system-out/>
</testsuite> <!-- apache_POI.DataDrivenTesting -->
