<?xml version="1.0" encoding="UTF-8"?>
<!-- Generated by org.testng.reporters.JUnitReportReporter -->
<testsuite hostname="Aqib-Mehmood" failures="0" tests="4" name="testng_cases.ReportGenerationCases" time="0.021" errors="0" timestamp="2023-01-26T16:52:06 PKT" skipped="0">
  <testcase classname="testng_cases.ReportGenerationCases" name="reportMethod3" time="0.003"/>
  <system-out>
    <![CDATA[Method name is - reportMethod3
Success Result - true]]>
  </system-out>
  <testcase classname="testng_cases.ReportGenerationCases" name="reportMethod1" time="0.012"/>
  <system-out>
    <![CDATA[Method name is - reportMethod1
Success Result - true]]>
  </system-out>
  <testcase classname="testng_cases.ReportGenerationCases" name="reportMethod2" time="0.002"/>
  <system-out>
    <![CDATA[Method name is - reportMethod2
Success Result - true]]>
  </system-out>
  <testcase classname="testng_cases.ReportGenerationCases" name="reportMethod4" time="0.004"/>
  <system-out>
    <![CDATA[Method name is - reportMethod4
Success Result - true]]>
  </system-out>
</testsuite> <!-- testng_cases.ReportGenerationCases -->
