<?xml version="1.0" encoding="UTF-8"?>
<!-- Generated by org.testng.reporters.JUnitReportReporter -->
<testsuite hostname="Aqib-Mehmood" failures="0" tests="2" name="testng_cases.GroupTestNG" time="0.015" errors="0" timestamp="2023-01-25T16:33:17 PKT" skipped="0">
  <testcase classname="testng_cases.GroupTestNG" name="method0" time="0.014"/>
  <system-out/>
  <testcase classname="testng_cases.GroupTestNG" name="method1" time="0.001"/>
  <system-out/>
</testsuite> <!-- testng_cases.GroupTestNG -->
