<?xml version="1.0" encoding="UTF-8"?>
<!-- Generated by org.testng.reporters.JUnitReportReporter -->
<testsuite hostname="Aqib-Mehmood" failures="0" tests="4" name="testng_cases.DataProvider" time="0.017" errors="0" timestamp="2023-01-26T12:27:50 PKT" skipped="0">
  <testcase classname="testng_cases.DataProvider" name="testMethod1" time="0.010"/>
  <system-out/>
  <testcase classname="testng_cases.DataProvider" name="testMethod2" time="0.002"/>
  <system-out/>
  <testcase classname="testng_cases.DataProvider" name="testMethod2" time="0.003"/>
  <system-out/>
  <testcase classname="testng_cases.DataProvider" name="testMethod1" time="0.002"/>
  <system-out/>
</testsuite> <!-- testng_cases.DataProvider -->
