<?xml version="1.0" encoding="UTF-8"?>
<!-- Generated by org.testng.reporters.JUnitReportReporter -->
<testsuite hostname="Aqib-Mehmood" failures="0" tests="3" name="testng_cases.Annotations" time="0.017" errors="0" timestamp="2023-01-26T17:22:41 PKT" skipped="0">
  <testcase classname="testng_cases.Annotations" name="Method1" time="0.011"/>
  <system-out/>
  <testcase classname="testng_cases.Annotations" name="Method2" time="0.004"/>
  <system-out/>
  <testcase classname="testng_cases.Annotations" name="Method3" time="0.002"/>
  <system-out/>
</testsuite> <!-- testng_cases.Annotations -->
