<?xml version="1.0" encoding="UTF-8"?>
<!-- Generated by org.testng.reporters.JUnitReportReporter -->
<testsuite hostname="Aqib-Mehmood" failures="0" tests="2" name="testng_cases.DemoTestNg" time="0.004" errors="0" timestamp="2023-01-25T16:22:29 PKT" skipped="0">
  <testcase classname="testng_cases.DemoTestNg" name="TestNgDemo" time="0.002"/>
  <system-out/>
  <testcase classname="testng_cases.DemoTestNg" name="Method2" time="0.002"/>
  <system-out/>
</testsuite> <!-- testng_cases.DemoTestNg -->
